mm,2019-11-12 10:53:04,10049803001102084,1,2,75.0,130.0, 0000.01,mvac,FAIL
mm,2019-11-12 11:15:57,10049803001102084,1,2,75.0,130.0, 0000.01,mvac,FAIL
mm,2019-11-12 11:17:04,10049803001102084,1,2,75.0,130.0, 0000.01,mvac,FAIL
tt,2019-11-12 15:24:17,10049803001102084,1,12,50.0,,110.0,180.0,0.0,range,1.0,21,0,0,0,0,0,FAIL
tt,2019-11-12 15:27:19,10049803001102084,1,12,50.0,,110.0,180.0,0.0,range,1.0,21,0,0,0,0,0,FAIL
tt,2019-11-12 15:33:31,10049803001102084,1,12,50.0,,110.0,180.0,0.0,range,1.0,21,0,0,0,0,0,FAIL
tt,2019-11-12 15:40:35,10049803001102084,1,12,50.0,,110.0,180.0,0.0,range,1.0,21,0,0,0,0,0,FAIL
tt,2019-11-12 15:42:36,10049803001102084,1,12,50.0,,110.0,180.0,0.0,range,1.0,21,0,0,0,0,0,FAIL
tt,2019-11-12 15:45:01,10049803001102084,1,12,50.0,,110.0,180.0,0.0,range,1.0,21,0,0,0,0,0,FAIL
tt,2019-11-12 15:46:52,10049803001102084,1,12,50.0,,110.0,180.0,0.0,range,1.0,21,0,0,0,0,0,FAIL
tt,2019-11-12 16:05:34,10049803001102084,1,12,50.0,,110.0,180.0,0.0,range,1.0,21,0,0,0,0,0,FAIL
tt,2019-11-12 16:19:58,10049803001102084,1,12,50.0,,110.0,180.0,0.0,range,1.0,21,0,0,0,0,0,FAIL
mm,2019-11-12 16:27:43,10049803001102084,1,1,320.0,330.0, 0000.00,mvdc,FAIL
mm,2019-11-12 16:27:51,10049803001102084,1,1,320.0,330.0, 0000.00,mvdc,FAIL
mm,2019-11-12 16:27:57,10049803001102084,1,1,320.0,330.0, 0000.00,mvdc,FAIL
mm,2019-11-12 16:28:04,10049803001102084,1,1,320.0,330.0, 0000.00,mvdc,FAIL
mm,2019-11-12 16:28:12,10049803001102084,1,1,320.0,330.0, 0000.00,mvdc,FAIL
mm,2019-11-12 16:28:20,10049803001102084,1,1,320.0,330.0, 0000.00,mvdc,FAIL
tt,2019-11-12 16:29:50,10049803001102084,1,12,50.0,,110.0,180.0,0.0,range,1.0,21,0,0,0,0,0,FAIL
tt,2019-11-12 16:36:19,10049803001102084,1,12,50.0,,110.0,180.0,0.0,range,1.0,21,0,0,0,0,0,FAIL
